<?xml version="1.0" encoding="UTF-8"?>
<testsuite xmlns:xsi="http://www.w3.org/2001/XMLSchema-instance" xsi:noNamespaceSchemaLocation="https://maven.apache.org/surefire/maven-surefire-plugin/xsd/surefire-test-report-3.0.xsd" version="3.0" name="PoETest" time="143.411" tests="9" errors="0" skipped="0" failures="0">
  <properties>
[...]
</properties>
  <testcase name="testUserObjectCreation" classname="PoETest" time="0.098"/>
  <testcase name="testDummyPass" classname="PoETest" time="0.005"/>
  <testcase name="testValidPhoneFormat" classname="PoETest" time="0.004"/>
  <testcase name="testDeleteMessageIndex" classname="PoETest" time="0.003"/>
  <testcase name="testMessageLengthLimits" classname="PoETest" time="0.003"/>
  <testcase name="testValidPasswordFormat" classname="PoETest" time="0.003"/>
  <testcase name="testSearchMessageLogic" classname="PoETest" time="0.004"/>
  <testcase name="testMessageStorageAndRetrieval" classname="PoETest" time="0.003"/>
  <testcase name="testRegistrationLoginLogic" classname="PoETest" time="143.19"/>
</testsuite>